2021/02/15 00:49:11 [error] [exception.CHttpException.403] CHttpException: You are not authorized to perform this action. in C:\wamp64\www\yii\framework\web\auth\CAccessControlFilter.php:183
Stack trace:
#0 C:\wamp64\www\yii\framework\web\auth\CAccessControlFilter.php(145): CAccessControlFilter->accessDenied(Object(CWebUser), 'You are not aut...')
#1 C:\wamp64\www\yii\framework\web\filters\CFilter.php(38): CAccessControlFilter->preFilter(Object(CFilterChain))
#2 C:\wamp64\www\yii\framework\web\CController.php(1148): CFilter->filter(Object(CFilterChain))
#3 C:\wamp64\www\yii\framework\web\filters\CInlineFilter.php(58): CController->filterAccessControl(Object(CFilterChain))
#4 C:\wamp64\www\yii\framework\web\filters\CFilterChain.php(131): CInlineFilter->filter(Object(CFilterChain))
#5 C:\wamp64\www\yii\framework\web\CController.php(291): CFilterChain->run()
#6 C:\wamp64\www\yii\framework\web\CController.php(265): CController->runActionWithFilters(Object(CInlineAction), Array)
#7 C:\wamp64\www\yii\framework\web\CWebApplication.php(282): CController->run('admin')
#8 C:\wamp64\www\yii\framework\web\CWebApplication.php(141): CWebApplication->runController('post/admin')
#9 C:\wamp64\www\yii\framework\base\CApplication.php(185): CWebApplication->processRequest()
#10 C:\wamp64\www\blog-webapp\index.php(13): CApplication->run()
#11 {main}
REQUEST_URI=/blog-webapp/index.php?r=post/admin
HTTP_REFERER=http://localhost/blog-webapp/index.php?r=post/create
---
2021/02/15 00:49:32 [error] [exception.CHttpException.403] CHttpException: You are not authorized to perform this action. in C:\wamp64\www\yii\framework\web\auth\CAccessControlFilter.php:183
Stack trace:
#0 C:\wamp64\www\yii\framework\web\auth\CAccessControlFilter.php(145): CAccessControlFilter->accessDenied(Object(CWebUser), 'You are not aut...')
#1 C:\wamp64\www\yii\framework\web\filters\CFilter.php(38): CAccessControlFilter->preFilter(Object(CFilterChain))
#2 C:\wamp64\www\yii\framework\web\CController.php(1148): CFilter->filter(Object(CFilterChain))
#3 C:\wamp64\www\yii\framework\web\filters\CInlineFilter.php(58): CController->filterAccessControl(Object(CFilterChain))
#4 C:\wamp64\www\yii\framework\web\filters\CFilterChain.php(131): CInlineFilter->filter(Object(CFilterChain))
#5 C:\wamp64\www\yii\framework\web\CController.php(291): CFilterChain->run()
#6 C:\wamp64\www\yii\framework\web\CController.php(265): CController->runActionWithFilters(Object(CInlineAction), Array)
#7 C:\wamp64\www\yii\framework\web\CWebApplication.php(282): CController->run('admin')
#8 C:\wamp64\www\yii\framework\web\CWebApplication.php(141): CWebApplication->runController('post/admin')
#9 C:\wamp64\www\yii\framework\base\CApplication.php(185): CWebApplication->processRequest()
#10 C:\wamp64\www\blog-webapp\index.php(13): CApplication->run()
#11 {main}
REQUEST_URI=/blog-webapp/index.php?r=post/admin
HTTP_REFERER=http://localhost/blog-webapp/index.php?r=post/create
---
2021/02/15 05:49:02 [warning] [application] Failed to set unsafe attribute "create_time" of "Post".
in C:\wamp64\www\blog-webapp\protected\controllers\PostController.php (67)
in C:\wamp64\www\blog-webapp\index.php (13)
2021/02/15 05:49:02 [warning] [application] Failed to set unsafe attribute "update_time" of "Post".
in C:\wamp64\www\blog-webapp\protected\controllers\PostController.php (67)
in C:\wamp64\www\blog-webapp\index.php (13)
2021/02/15 05:49:02 [warning] [application] Failed to set unsafe attribute "author_id" of "Post".
in C:\wamp64\www\blog-webapp\protected\controllers\PostController.php (67)
in C:\wamp64\www\blog-webapp\index.php (13)
2021/02/17 04:25:59 [error] [exception.CHttpException.404] exception 'CHttpException' with message 'Unable to resolve the request "index.php".' in C:\wamp64\www\yii\framework\web\CWebApplication.php:286
Stack trace:
#0 C:\wamp64\www\yii\framework\web\CWebApplication.php(141): CWebApplication->runController('index.php')
#1 C:\wamp64\www\yii\framework\base\CApplication.php(185): CWebApplication->processRequest()
#2 C:\wamp64\www\blog-webapp\index.php(13): CApplication->run()
#3 {main}
REQUEST_URI=/blog-webapp/index.php?r=index.php
---
2021/02/17 04:26:03 [error] [exception.CHttpException.404] exception 'CHttpException' with message 'Unable to resolve the request "index".' in C:\wamp64\www\yii\framework\web\CWebApplication.php:286
Stack trace:
#0 C:\wamp64\www\yii\framework\web\CWebApplication.php(141): CWebApplication->runController('index')
#1 C:\wamp64\www\yii\framework\base\CApplication.php(185): CWebApplication->processRequest()
#2 C:\wamp64\www\blog-webapp\index.php(13): CApplication->run()
#3 {main}
REQUEST_URI=/blog-webapp/index.php?r=index
---
2021/02/17 04:31:08 [warning] [application] Failed to set unsafe attribute "create_time" of "Post".
in C:\wamp64\www\blog-webapp\protected\controllers\PostController.php (67)
in C:\wamp64\www\blog-webapp\index.php (13)
2021/02/17 04:31:08 [warning] [application] Failed to set unsafe attribute "update_time" of "Post".
in C:\wamp64\www\blog-webapp\protected\controllers\PostController.php (67)
in C:\wamp64\www\blog-webapp\index.php (13)
2021/02/17 04:31:08 [warning] [application] Failed to set unsafe attribute "author_id" of "Post".
in C:\wamp64\www\blog-webapp\protected\controllers\PostController.php (67)
in C:\wamp64\www\blog-webapp\index.php (13)
2021/02/17 05:20:49 [error] [exception.CHttpException.400] exception 'CHttpException' with message 'Your request is invalid.' in C:\wamp64\www\yii\framework\web\CController.php:337
Stack trace:
#0 C:\wamp64\www\yii\framework\web\CController.php(309): CController->invalidActionParams(Object(CInlineAction))
#1 C:\wamp64\www\yii\framework\web\filters\CFilterChain.php(134): CController->runAction(Object(CInlineAction))
#2 C:\wamp64\www\yii\framework\web\filters\CFilter.php(40): CFilterChain->run()
#3 C:\wamp64\www\yii\framework\web\CController.php(1148): CFilter->filter(Object(CFilterChain))
#4 C:\wamp64\www\yii\framework\web\filters\CInlineFilter.php(58): CController->filterAccessControl(Object(CFilterChain))
#5 C:\wamp64\www\yii\framework\web\filters\CFilterChain.php(131): CInlineFilter->filter(Object(CFilterChain))
#6 C:\wamp64\www\yii\framework\web\CController.php(291): CFilterChain->run()
#7 C:\wamp64\www\yii\framework\web\CController.php(265): CController->runActionWithFilters(Object(CInlineAction), Array)
#8 C:\wamp64\www\yii\framework\web\CWebApplication.php(282): CController->run('view')
#9 C:\wamp64\www\yii\framework\web\CWebApplication.php(141): CWebApplication->runController('post/view')
#10 C:\wamp64\www\yii\framework\base\CApplication.php(185): CWebApplication->processRequest()
#11 C:\wamp64\www\blog-webapp\index.php(13): CApplication->run()
#12 {main}
REQUEST_URI=/blog-webapp/index.php?r=post/view
---
2021/02/17 05:39:47 [error] [php] Missing argument 1 for PostController::loadModel(), called in C:\wamp64\www\blog-webapp\protected\controllers\PostController.php on line 50 and defined (C:\wamp64\www\blog-webapp\protected\controllers\PostController.php:188)
Stack trace:
#0 C:\wamp64\www\yii\framework\web\actions\CAction.php(115): ReflectionMethod->invokeArgs()
#1 C:\wamp64\www\yii\framework\web\actions\CInlineAction.php(47): CInlineAction->runWithParamsInternal()
#2 C:\wamp64\www\yii\framework\web\CController.php(308): CInlineAction->runWithParams()
#3 C:\wamp64\www\yii\framework\web\filters\CFilterChain.php(134): PostController->runAction()
#4 C:\wamp64\www\yii\framework\web\filters\CFilter.php(40): CFilterChain->run()
#5 C:\wamp64\www\yii\framework\web\CController.php(1148): CAccessControlFilter->filter()
#6 C:\wamp64\www\yii\framework\web\filters\CInlineFilter.php(58): PostController->filterAccessControl()
#7 C:\wamp64\www\yii\framework\web\filters\CFilterChain.php(131): CInlineFilter->filter()
#8 C:\wamp64\www\yii\framework\web\CController.php(291): CFilterChain->run()
#9 C:\wamp64\www\yii\framework\web\CController.php(265): PostController->runActionWithFilters()
#10 C:\wamp64\www\yii\framework\web\CWebApplication.php(282): PostController->run()
#11 C:\wamp64\www\yii\framework\web\CWebApplication.php(141): CWebApplication->runController()
#12 C:\wamp64\www\yii\framework\base\CApplication.php(185): CWebApplication->processRequest()
#13 C:\wamp64\www\blog-webapp\index.php(13): CWebApplication->run()
REQUEST_URI=/blog-webapp/index.php?r=post/view&id=4
in C:\wamp64\www\blog-webapp\protected\controllers\PostController.php (188)
in C:\wamp64\www\blog-webapp\protected\controllers\PostController.php (50)
in C:\wamp64\www\blog-webapp\index.php (13)
2021/02/17 05:41:46 [error] [php] Missing argument 1 for PostController::loadModel(), called in C:\wamp64\www\blog-webapp\protected\controllers\PostController.php on line 50 and defined (C:\wamp64\www\blog-webapp\protected\controllers\PostController.php:188)
Stack trace:
#0 C:\wamp64\www\yii\framework\web\actions\CAction.php(115): ReflectionMethod->invokeArgs()
#1 C:\wamp64\www\yii\framework\web\actions\CInlineAction.php(47): CInlineAction->runWithParamsInternal()
#2 C:\wamp64\www\yii\framework\web\CController.php(308): CInlineAction->runWithParams()
#3 C:\wamp64\www\yii\framework\web\filters\CFilterChain.php(134): PostController->runAction()
#4 C:\wamp64\www\yii\framework\web\filters\CFilter.php(40): CFilterChain->run()
#5 C:\wamp64\www\yii\framework\web\CController.php(1148): CAccessControlFilter->filter()
#6 C:\wamp64\www\yii\framework\web\filters\CInlineFilter.php(58): PostController->filterAccessControl()
#7 C:\wamp64\www\yii\framework\web\filters\CFilterChain.php(131): CInlineFilter->filter()
#8 C:\wamp64\www\yii\framework\web\CController.php(291): CFilterChain->run()
#9 C:\wamp64\www\yii\framework\web\CController.php(265): PostController->runActionWithFilters()
#10 C:\wamp64\www\yii\framework\web\CWebApplication.php(282): PostController->run()
#11 C:\wamp64\www\yii\framework\web\CWebApplication.php(141): CWebApplication->runController()
#12 C:\wamp64\www\yii\framework\base\CApplication.php(185): CWebApplication->processRequest()
#13 C:\wamp64\www\blog-webapp\index.php(13): CWebApplication->run()
REQUEST_URI=/blog-webapp/index.php?r=post/view&id=4
in C:\wamp64\www\blog-webapp\protected\controllers\PostController.php (188)
in C:\wamp64\www\blog-webapp\protected\controllers\PostController.php (50)
in C:\wamp64\www\blog-webapp\index.php (13)
2021/02/17 05:41:52 [error] [php] Missing argument 1 for PostController::loadModel(), called in C:\wamp64\www\blog-webapp\protected\controllers\PostController.php on line 50 and defined (C:\wamp64\www\blog-webapp\protected\controllers\PostController.php:188)
Stack trace:
#0 C:\wamp64\www\yii\framework\web\actions\CAction.php(115): ReflectionMethod->invokeArgs()
#1 C:\wamp64\www\yii\framework\web\actions\CInlineAction.php(47): CInlineAction->runWithParamsInternal()
#2 C:\wamp64\www\yii\framework\web\CController.php(308): CInlineAction->runWithParams()
#3 C:\wamp64\www\yii\framework\web\filters\CFilterChain.php(134): PostController->runAction()
#4 C:\wamp64\www\yii\framework\web\filters\CFilter.php(40): CFilterChain->run()
#5 C:\wamp64\www\yii\framework\web\CController.php(1148): CAccessControlFilter->filter()
#6 C:\wamp64\www\yii\framework\web\filters\CInlineFilter.php(58): PostController->filterAccessControl()
#7 C:\wamp64\www\yii\framework\web\filters\CFilterChain.php(131): CInlineFilter->filter()
#8 C:\wamp64\www\yii\framework\web\CController.php(291): CFilterChain->run()
#9 C:\wamp64\www\yii\framework\web\CController.php(265): PostController->runActionWithFilters()
#10 C:\wamp64\www\yii\framework\web\CWebApplication.php(282): PostController->run()
#11 C:\wamp64\www\yii\framework\web\CWebApplication.php(141): CWebApplication->runController()
#12 C:\wamp64\www\yii\framework\base\CApplication.php(185): CWebApplication->processRequest()
#13 C:\wamp64\www\blog-webapp\index.php(13): CWebApplication->run()
REQUEST_URI=/blog-webapp/index.php?r=post/view&id=3
in C:\wamp64\www\blog-webapp\protected\controllers\PostController.php (188)
in C:\wamp64\www\blog-webapp\protected\controllers\PostController.php (50)
in C:\wamp64\www\blog-webapp\index.php (13)
2021/02/17 05:44:32 [error] [php] Missing argument 1 for PostController::loadModel(), called in C:\wamp64\www\blog-webapp\protected\controllers\PostController.php on line 50 and defined (C:\wamp64\www\blog-webapp\protected\controllers\PostController.php:188)
Stack trace:
#0 C:\wamp64\www\yii\framework\web\actions\CAction.php(115): ReflectionMethod->invokeArgs()
#1 C:\wamp64\www\yii\framework\web\actions\CInlineAction.php(47): CInlineAction->runWithParamsInternal()
#2 C:\wamp64\www\yii\framework\web\CController.php(308): CInlineAction->runWithParams()
#3 C:\wamp64\www\yii\framework\web\filters\CFilterChain.php(134): PostController->runAction()
#4 C:\wamp64\www\yii\framework\web\filters\CFilter.php(40): CFilterChain->run()
#5 C:\wamp64\www\yii\framework\web\CController.php(1148): CAccessControlFilter->filter()
#6 C:\wamp64\www\yii\framework\web\filters\CInlineFilter.php(58): PostController->filterAccessControl()
#7 C:\wamp64\www\yii\framework\web\filters\CFilterChain.php(131): CInlineFilter->filter()
#8 C:\wamp64\www\yii\framework\web\CController.php(291): CFilterChain->run()
#9 C:\wamp64\www\yii\framework\web\CController.php(265): PostController->runActionWithFilters()
#10 C:\wamp64\www\yii\framework\web\CWebApplication.php(282): PostController->run()
#11 C:\wamp64\www\yii\framework\web\CWebApplication.php(141): CWebApplication->runController()
#12 C:\wamp64\www\yii\framework\base\CApplication.php(185): CWebApplication->processRequest()
#13 C:\wamp64\www\blog-webapp\index.php(13): CWebApplication->run()
REQUEST_URI=/blog-webapp/index.php?r=post/view&id=4
in C:\wamp64\www\blog-webapp\protected\controllers\PostController.php (188)
in C:\wamp64\www\blog-webapp\protected\controllers\PostController.php (50)
in C:\wamp64\www\blog-webapp\index.php (13)
2021/02/17 06:00:21 [warning] [application] Failed to set unsafe attribute "status" of "Comment".
in C:\wamp64\www\blog-webapp\protected\controllers\PostController.php (69)
in C:\wamp64\www\blog-webapp\protected\controllers\PostController.php (51)
in C:\wamp64\www\blog-webapp\index.php (13)
2021/02/17 06:00:21 [warning] [application] Failed to set unsafe attribute "create_time" of "Comment".
in C:\wamp64\www\blog-webapp\protected\controllers\PostController.php (69)
in C:\wamp64\www\blog-webapp\protected\controllers\PostController.php (51)
in C:\wamp64\www\blog-webapp\index.php (13)
2021/02/17 06:00:21 [warning] [application] Failed to set unsafe attribute "post_id" of "Comment".
in C:\wamp64\www\blog-webapp\protected\controllers\PostController.php (69)
in C:\wamp64\www\blog-webapp\protected\controllers\PostController.php (51)
in C:\wamp64\www\blog-webapp\index.php (13)
2021/02/17 06:00:46 [error] [exception.CHttpException.403] exception 'CHttpException' with message 'You are not authorized to perform this action.' in C:\wamp64\www\yii\framework\web\auth\CAccessControlFilter.php:183
Stack trace:
#0 C:\wamp64\www\yii\framework\web\auth\CAccessControlFilter.php(145): CAccessControlFilter->accessDenied(Object(CWebUser), 'You are not aut...')
#1 C:\wamp64\www\yii\framework\web\filters\CFilter.php(38): CAccessControlFilter->preFilter(Object(CFilterChain))
#2 C:\wamp64\www\yii\framework\web\CController.php(1148): CFilter->filter(Object(CFilterChain))
#3 C:\wamp64\www\yii\framework\web\filters\CInlineFilter.php(58): CController->filterAccessControl(Object(CFilterChain))
#4 C:\wamp64\www\yii\framework\web\filters\CFilterChain.php(131): CInlineFilter->filter(Object(CFilterChain))
#5 C:\wamp64\www\yii\framework\web\CController.php(291): CFilterChain->run()
#6 C:\wamp64\www\yii\framework\web\CController.php(265): CController->runActionWithFilters(Object(CInlineAction), Array)
#7 C:\wamp64\www\yii\framework\web\CWebApplication.php(282): CController->run('admin')
#8 C:\wamp64\www\yii\framework\web\CWebApplication.php(141): CWebApplication->runController('comment/admin')
#9 C:\wamp64\www\yii\framework\base\CApplication.php(185): CWebApplication->processRequest()
#10 C:\wamp64\www\blog-webapp\index.php(13): CApplication->run()
#11 {main}
REQUEST_URI=/blog-webapp/index.php?r=comment/admin
HTTP_REFERER=http://localhost/blog-webapp/index.php?r=comment/view&id=2
---
2021/02/17 06:13:05 [error] [exception.CHttpException.403] exception 'CHttpException' with message 'You are not authorized to perform this action.' in C:\wamp64\www\yii\framework\web\auth\CAccessControlFilter.php:183
Stack trace:
#0 C:\wamp64\www\yii\framework\web\auth\CAccessControlFilter.php(145): CAccessControlFilter->accessDenied(Object(CWebUser), 'You are not aut...')
#1 C:\wamp64\www\yii\framework\web\filters\CFilter.php(38): CAccessControlFilter->preFilter(Object(CFilterChain))
#2 C:\wamp64\www\yii\framework\web\CController.php(1148): CFilter->filter(Object(CFilterChain))
#3 C:\wamp64\www\yii\framework\web\filters\CInlineFilter.php(58): CController->filterAccessControl(Object(CFilterChain))
#4 C:\wamp64\www\yii\framework\web\filters\CFilterChain.php(131): CInlineFilter->filter(Object(CFilterChain))
#5 C:\wamp64\www\yii\framework\web\CController.php(291): CFilterChain->run()
#6 C:\wamp64\www\yii\framework\web\CController.php(265): CController->runActionWithFilters(Object(CInlineAction), Array)
#7 C:\wamp64\www\yii\framework\web\CWebApplication.php(282): CController->run('admin')
#8 C:\wamp64\www\yii\framework\web\CWebApplication.php(141): CWebApplication->runController('comment/admin')
#9 C:\wamp64\www\yii\framework\base\CApplication.php(185): CWebApplication->processRequest()
#10 C:\wamp64\www\blog-webapp\index.php(13): CApplication->run()
#11 {main}
REQUEST_URI=/blog-webapp/index.php?r=comment/admin
HTTP_REFERER=http://localhost/blog-webapp/index.php?r=comment/view&id=2
---
2021/02/17 06:13:20 [error] [exception.CHttpException.403] exception 'CHttpException' with message 'You are not authorized to perform this action.' in C:\wamp64\www\yii\framework\web\auth\CAccessControlFilter.php:183
Stack trace:
#0 C:\wamp64\www\yii\framework\web\auth\CAccessControlFilter.php(145): CAccessControlFilter->accessDenied(Object(CWebUser), 'You are not aut...')
#1 C:\wamp64\www\yii\framework\web\filters\CFilter.php(38): CAccessControlFilter->preFilter(Object(CFilterChain))
#2 C:\wamp64\www\yii\framework\web\CController.php(1148): CFilter->filter(Object(CFilterChain))
#3 C:\wamp64\www\yii\framework\web\filters\CInlineFilter.php(58): CController->filterAccessControl(Object(CFilterChain))
#4 C:\wamp64\www\yii\framework\web\filters\CFilterChain.php(131): CInlineFilter->filter(Object(CFilterChain))
#5 C:\wamp64\www\yii\framework\web\CController.php(291): CFilterChain->run()
#6 C:\wamp64\www\yii\framework\web\CController.php(265): CController->runActionWithFilters(Object(CInlineAction), Array)
#7 C:\wamp64\www\yii\framework\web\CWebApplication.php(282): CController->run('admin')
#8 C:\wamp64\www\yii\framework\web\CWebApplication.php(141): CWebApplication->runController('comment/admin')
#9 C:\wamp64\www\yii\framework\base\CApplication.php(185): CWebApplication->processRequest()
#10 C:\wamp64\www\blog-webapp\index.php(13): CApplication->run()
#11 {main}
REQUEST_URI=/blog-webapp/index.php?r=comment/admin
---
2021/02/17 06:14:25 [warning] [application] Failed to set unsafe attribute "status" of "Comment".
in C:\wamp64\www\blog-webapp\protected\controllers\CommentController.php (107)
in C:\wamp64\www\blog-webapp\index.php (13)
2021/02/17 06:14:25 [warning] [application] Failed to set unsafe attribute "create_time" of "Comment".
in C:\wamp64\www\blog-webapp\protected\controllers\CommentController.php (107)
in C:\wamp64\www\blog-webapp\index.php (13)
2021/02/17 06:14:25 [warning] [application] Failed to set unsafe attribute "post_id" of "Comment".
in C:\wamp64\www\blog-webapp\protected\controllers\CommentController.php (107)
in C:\wamp64\www\blog-webapp\index.php (13)
2021/02/17 06:15:43 [warning] [application] Failed to set unsafe attribute "status" of "Comment".
in C:\wamp64\www\blog-webapp\protected\controllers\CommentController.php (107)
in C:\wamp64\www\blog-webapp\index.php (13)
2021/02/17 06:15:43 [warning] [application] Failed to set unsafe attribute "create_time" of "Comment".
in C:\wamp64\www\blog-webapp\protected\controllers\CommentController.php (107)
in C:\wamp64\www\blog-webapp\index.php (13)
2021/02/17 06:15:43 [warning] [application] Failed to set unsafe attribute "post_id" of "Comment".
in C:\wamp64\www\blog-webapp\protected\controllers\CommentController.php (107)
in C:\wamp64\www\blog-webapp\index.php (13)
2021/02/17 06:28:39 [error] [exception.CHttpException.403] exception 'CHttpException' with message 'You are not authorized to perform this action.' in C:\wamp64\www\yii\framework\web\auth\CAccessControlFilter.php:183
Stack trace:
#0 C:\wamp64\www\yii\framework\web\auth\CAccessControlFilter.php(145): CAccessControlFilter->accessDenied(Object(CWebUser), 'You are not aut...')
#1 C:\wamp64\www\yii\framework\web\filters\CFilter.php(38): CAccessControlFilter->preFilter(Object(CFilterChain))
#2 C:\wamp64\www\yii\framework\web\CController.php(1148): CFilter->filter(Object(CFilterChain))
#3 C:\wamp64\www\yii\framework\web\filters\CInlineFilter.php(58): CController->filterAccessControl(Object(CFilterChain))
#4 C:\wamp64\www\yii\framework\web\filters\CFilterChain.php(131): CInlineFilter->filter(Object(CFilterChain))
#5 C:\wamp64\www\yii\framework\web\CController.php(291): CFilterChain->run()
#6 C:\wamp64\www\yii\framework\web\CController.php(265): CController->runActionWithFilters(Object(CInlineAction), Array)
#7 C:\wamp64\www\yii\framework\web\CWebApplication.php(282): CController->run('approve')
#8 C:\wamp64\www\yii\framework\web\CWebApplication.php(141): CWebApplication->runController('comment/approve')
#9 C:\wamp64\www\yii\framework\base\CApplication.php(185): CWebApplication->processRequest()
#10 C:\wamp64\www\blog-webapp\index.php(13): CApplication->run()
#11 {main}
REQUEST_URI=/blog-webapp/index.php?r=comment/approve
---
2021/02/17 06:33:13 [error] [exception.CHttpException.400] exception 'CHttpException' with message 'Your request is invalid.' in C:\wamp64\www\yii\framework\web\CController.php:337
Stack trace:
#0 C:\wamp64\www\yii\framework\web\CController.php(309): CController->invalidActionParams(Object(CInlineAction))
#1 C:\wamp64\www\yii\framework\web\filters\CFilterChain.php(134): CController->runAction(Object(CInlineAction))
#2 C:\wamp64\www\yii\framework\web\filters\CFilter.php(40): CFilterChain->run()
#3 C:\wamp64\www\yii\framework\web\CController.php(1148): CFilter->filter(Object(CFilterChain))
#4 C:\wamp64\www\yii\framework\web\filters\CInlineFilter.php(58): CController->filterAccessControl(Object(CFilterChain))
#5 C:\wamp64\www\yii\framework\web\filters\CFilterChain.php(131): CInlineFilter->filter(Object(CFilterChain))
#6 C:\wamp64\www\yii\framework\web\CController.php(291): CFilterChain->run()
#7 C:\wamp64\www\yii\framework\web\CController.php(265): CController->runActionWithFilters(Object(CInlineAction), Array)
#8 C:\wamp64\www\yii\framework\web\CWebApplication.php(282): CController->run('view')
#9 C:\wamp64\www\yii\framework\web\CWebApplication.php(141): CWebApplication->runController('comment/view')
#10 C:\wamp64\www\yii\framework\base\CApplication.php(185): CWebApplication->processRequest()
#11 C:\wamp64\www\blog-webapp\index.php(13): CApplication->run()
#12 {main}
REQUEST_URI=/blog-webapp/index.php?r=comment/view
---
2021/02/17 06:33:41 [error] [exception.CHttpException.403] exception 'CHttpException' with message 'You are not authorized to perform this action.' in C:\wamp64\www\yii\framework\web\auth\CAccessControlFilter.php:183
Stack trace:
#0 C:\wamp64\www\yii\framework\web\auth\CAccessControlFilter.php(145): CAccessControlFilter->accessDenied(Object(CWebUser), 'You are not aut...')
#1 C:\wamp64\www\yii\framework\web\filters\CFilter.php(38): CAccessControlFilter->preFilter(Object(CFilterChain))
#2 C:\wamp64\www\yii\framework\web\CController.php(1148): CFilter->filter(Object(CFilterChain))
#3 C:\wamp64\www\yii\framework\web\filters\CInlineFilter.php(58): CController->filterAccessControl(Object(CFilterChain))
#4 C:\wamp64\www\yii\framework\web\filters\CFilterChain.php(131): CInlineFilter->filter(Object(CFilterChain))
#5 C:\wamp64\www\yii\framework\web\CController.php(291): CFilterChain->run()
#6 C:\wamp64\www\yii\framework\web\CController.php(265): CController->runActionWithFilters(Object(CInlineAction), Array)
#7 C:\wamp64\www\yii\framework\web\CWebApplication.php(282): CController->run('approve')
#8 C:\wamp64\www\yii\framework\web\CWebApplication.php(141): CWebApplication->runController('comment/approve')
#9 C:\wamp64\www\yii\framework\base\CApplication.php(185): CWebApplication->processRequest()
#10 C:\wamp64\www\blog-webapp\index.php(13): CApplication->run()
#11 {main}
REQUEST_URI=/blog-webapp/index.php?r=comment/approve&id=2
---
2021/02/17 06:39:18 [error] [exception.CHttpException.403] exception 'CHttpException' with message 'You are not authorized to perform this action.' in C:\wamp64\www\yii\framework\web\auth\CAccessControlFilter.php:183
Stack trace:
#0 C:\wamp64\www\yii\framework\web\auth\CAccessControlFilter.php(145): CAccessControlFilter->accessDenied(Object(CWebUser), 'You are not aut...')
#1 C:\wamp64\www\yii\framework\web\filters\CFilter.php(38): CAccessControlFilter->preFilter(Object(CFilterChain))
#2 C:\wamp64\www\yii\framework\web\CController.php(1148): CFilter->filter(Object(CFilterChain))
#3 C:\wamp64\www\yii\framework\web\filters\CInlineFilter.php(58): CController->filterAccessControl(Object(CFilterChain))
#4 C:\wamp64\www\yii\framework\web\filters\CFilterChain.php(131): CInlineFilter->filter(Object(CFilterChain))
#5 C:\wamp64\www\yii\framework\web\CController.php(291): CFilterChain->run()
#6 C:\wamp64\www\yii\framework\web\CController.php(265): CController->runActionWithFilters(Object(CInlineAction), Array)
#7 C:\wamp64\www\yii\framework\web\CWebApplication.php(282): CController->run('approve')
#8 C:\wamp64\www\yii\framework\web\CWebApplication.php(141): CWebApplication->runController('comment/approve')
#9 C:\wamp64\www\yii\framework\base\CApplication.php(185): CWebApplication->processRequest()
#10 C:\wamp64\www\blog-webapp\index.php(13): CApplication->run()
#11 {main}
REQUEST_URI=/blog-webapp/index.php?r=comment/approve&id=1
---
2021/02/17 06:39:23 [error] [exception.CHttpException.403] exception 'CHttpException' with message 'You are not authorized to perform this action.' in C:\wamp64\www\yii\framework\web\auth\CAccessControlFilter.php:183
Stack trace:
#0 C:\wamp64\www\yii\framework\web\auth\CAccessControlFilter.php(145): CAccessControlFilter->accessDenied(Object(CWebUser), 'You are not aut...')
#1 C:\wamp64\www\yii\framework\web\filters\CFilter.php(38): CAccessControlFilter->preFilter(Object(CFilterChain))
#2 C:\wamp64\www\yii\framework\web\CController.php(1148): CFilter->filter(Object(CFilterChain))
#3 C:\wamp64\www\yii\framework\web\filters\CInlineFilter.php(58): CController->filterAccessControl(Object(CFilterChain))
#4 C:\wamp64\www\yii\framework\web\filters\CFilterChain.php(131): CInlineFilter->filter(Object(CFilterChain))
#5 C:\wamp64\www\yii\framework\web\CController.php(291): CFilterChain->run()
#6 C:\wamp64\www\yii\framework\web\CController.php(265): CController->runActionWithFilters(Object(CInlineAction), Array)
#7 C:\wamp64\www\yii\framework\web\CWebApplication.php(282): CController->run('approve')
#8 C:\wamp64\www\yii\framework\web\CWebApplication.php(141): CWebApplication->runController('comment/approve')
#9 C:\wamp64\www\yii\framework\base\CApplication.php(185): CWebApplication->processRequest()
#10 C:\wamp64\www\blog-webapp\index.php(13): CApplication->run()
#11 {main}
REQUEST_URI=/blog-webapp/index.php?r=comment/approve
---
2021/02/17 06:42:57 [error] [exception.CHttpException.400] exception 'CHttpException' with message 'Your request is invalid.' in C:\wamp64\www\yii\framework\web\CController.php:337
Stack trace:
#0 C:\wamp64\www\yii\framework\web\CController.php(309): CController->invalidActionParams(Object(CInlineAction))
#1 C:\wamp64\www\yii\framework\web\filters\CFilterChain.php(134): CController->runAction(Object(CInlineAction))
#2 C:\wamp64\www\yii\framework\web\filters\CFilter.php(40): CFilterChain->run()
#3 C:\wamp64\www\yii\framework\web\CController.php(1148): CFilter->filter(Object(CFilterChain))
#4 C:\wamp64\www\yii\framework\web\filters\CInlineFilter.php(58): CController->filterAccessControl(Object(CFilterChain))
#5 C:\wamp64\www\yii\framework\web\filters\CFilterChain.php(131): CInlineFilter->filter(Object(CFilterChain))
#6 C:\wamp64\www\yii\framework\web\CController.php(291): CFilterChain->run()
#7 C:\wamp64\www\yii\framework\web\CController.php(265): CController->runActionWithFilters(Object(CInlineAction), Array)
#8 C:\wamp64\www\yii\framework\web\CWebApplication.php(282): CController->run('Approve')
#9 C:\wamp64\www\yii\framework\web\CWebApplication.php(141): CWebApplication->runController('comment/Approve')
#10 C:\wamp64\www\yii\framework\base\CApplication.php(185): CWebApplication->processRequest()
#11 C:\wamp64\www\blog-webapp\index.php(13): CApplication->run()
#12 {main}
REQUEST_URI=/blog-webapp/index.php?r=comment/Approve
---
2021/02/17 06:56:00 [warning] [application] Failed to set unsafe attribute "status" of "Comment".
in C:\wamp64\www\blog-webapp\protected\controllers\CommentController.php (98)
in C:\wamp64\www\blog-webapp\index.php (13)
2021/02/17 06:56:00 [warning] [application] Failed to set unsafe attribute "create_time" of "Comment".
in C:\wamp64\www\blog-webapp\protected\controllers\CommentController.php (98)
in C:\wamp64\www\blog-webapp\index.php (13)
2021/02/17 06:56:00 [warning] [application] Failed to set unsafe attribute "post_id" of "Comment".
in C:\wamp64\www\blog-webapp\protected\controllers\CommentController.php (98)
in C:\wamp64\www\blog-webapp\index.php (13)
2021/02/17 06:56:00 [warning] [application] Failed to set unsafe attribute "status" of "Comment".
in C:\wamp64\www\blog-webapp\protected\controllers\CommentController.php (98)
in C:\wamp64\www\blog-webapp\index.php (13)
2021/02/17 06:56:00 [warning] [application] Failed to set unsafe attribute "create_time" of "Comment".
in C:\wamp64\www\blog-webapp\protected\controllers\CommentController.php (98)
in C:\wamp64\www\blog-webapp\index.php (13)
2021/02/17 06:56:00 [warning] [application] Failed to set unsafe attribute "post_id" of "Comment".
in C:\wamp64\www\blog-webapp\protected\controllers\CommentController.php (98)
in C:\wamp64\www\blog-webapp\index.php (13)
2021/02/17 06:56:08 [error] [exception.CHttpException.400] exception 'CHttpException' with message 'Your request is invalid.' in C:\wamp64\www\yii\framework\web\CController.php:1121
Stack trace:
#0 C:\wamp64\www\yii\framework\web\filters\CInlineFilter.php(58): CController->filterPostOnly(Object(CFilterChain))
#1 C:\wamp64\www\yii\framework\web\filters\CFilterChain.php(131): CInlineFilter->filter(Object(CFilterChain))
#2 C:\wamp64\www\yii\framework\web\filters\CFilter.php(40): CFilterChain->run()
#3 C:\wamp64\www\yii\framework\web\CController.php(1148): CFilter->filter(Object(CFilterChain))
#4 C:\wamp64\www\yii\framework\web\filters\CInlineFilter.php(58): CController->filterAccessControl(Object(CFilterChain))
#5 C:\wamp64\www\yii\framework\web\filters\CFilterChain.php(131): CInlineFilter->filter(Object(CFilterChain))
#6 C:\wamp64\www\yii\framework\web\CController.php(291): CFilterChain->run()
#7 C:\wamp64\www\yii\framework\web\CController.php(265): CController->runActionWithFilters(Object(CInlineAction), Array)
#8 C:\wamp64\www\yii\framework\web\CWebApplication.php(282): CController->run('delete')
#9 C:\wamp64\www\yii\framework\web\CWebApplication.php(141): CWebApplication->runController('comment/delete')
#10 C:\wamp64\www\yii\framework\base\CApplication.php(185): CWebApplication->processRequest()
#11 C:\wamp64\www\blog-webapp\index.php(13): CApplication->run()
#12 {main}
REQUEST_URI=/blog-webapp/index.php?r=comment/delete&id=1
HTTP_REFERER=http://localhost/blog-webapp/index.php?r=comment/index
---
2021/02/17 06:59:08 [warning] [application] Failed to set unsafe attribute "status" of "Comment".
in C:\wamp64\www\blog-webapp\protected\controllers\CommentController.php (98)
in C:\wamp64\www\blog-webapp\index.php (13)
2021/02/17 06:59:08 [warning] [application] Failed to set unsafe attribute "create_time" of "Comment".
in C:\wamp64\www\blog-webapp\protected\controllers\CommentController.php (98)
in C:\wamp64\www\blog-webapp\index.php (13)
2021/02/17 06:59:08 [warning] [application] Failed to set unsafe attribute "post_id" of "Comment".
in C:\wamp64\www\blog-webapp\protected\controllers\CommentController.php (98)
in C:\wamp64\www\blog-webapp\index.php (13)
2021/02/17 06:59:08 [warning] [application] Failed to set unsafe attribute "status" of "Comment".
in C:\wamp64\www\blog-webapp\protected\controllers\CommentController.php (98)
in C:\wamp64\www\blog-webapp\index.php (13)
2021/02/17 06:59:08 [warning] [application] Failed to set unsafe attribute "create_time" of "Comment".
in C:\wamp64\www\blog-webapp\protected\controllers\CommentController.php (98)
in C:\wamp64\www\blog-webapp\index.php (13)
2021/02/17 06:59:08 [warning] [application] Failed to set unsafe attribute "post_id" of "Comment".
in C:\wamp64\www\blog-webapp\protected\controllers\CommentController.php (98)
in C:\wamp64\www\blog-webapp\index.php (13)
2021/02/17 07:06:24 [warning] [application] Failed to set unsafe attribute "create_time" of "Post".
in C:\wamp64\www\blog-webapp\protected\controllers\PostController.php (117)
in C:\wamp64\www\blog-webapp\index.php (13)
2021/02/17 07:06:24 [warning] [application] Failed to set unsafe attribute "update_time" of "Post".
in C:\wamp64\www\blog-webapp\protected\controllers\PostController.php (117)
in C:\wamp64\www\blog-webapp\index.php (13)
2021/02/17 07:06:24 [warning] [application] Failed to set unsafe attribute "author_id" of "Post".
in C:\wamp64\www\blog-webapp\protected\controllers\PostController.php (117)
in C:\wamp64\www\blog-webapp\index.php (13)
2021/02/17 07:08:23 [error] [exception.CHttpException.400] exception 'CHttpException' with message 'Your request is invalid.' in C:\wamp64\www\yii\framework\web\CController.php:1121
Stack trace:
#0 C:\wamp64\www\yii\framework\web\filters\CInlineFilter.php(58): CController->filterPostOnly(Object(CFilterChain))
#1 C:\wamp64\www\yii\framework\web\filters\CFilterChain.php(131): CInlineFilter->filter(Object(CFilterChain))
#2 C:\wamp64\www\yii\framework\web\filters\CFilter.php(40): CFilterChain->run()
#3 C:\wamp64\www\yii\framework\web\CController.php(1148): CFilter->filter(Object(CFilterChain))
#4 C:\wamp64\www\yii\framework\web\filters\CInlineFilter.php(58): CController->filterAccessControl(Object(CFilterChain))
#5 C:\wamp64\www\yii\framework\web\filters\CFilterChain.php(131): CInlineFilter->filter(Object(CFilterChain))
#6 C:\wamp64\www\yii\framework\web\CController.php(291): CFilterChain->run()
#7 C:\wamp64\www\yii\framework\web\CController.php(265): CController->runActionWithFilters(Object(CInlineAction), Array)
#8 C:\wamp64\www\yii\framework\web\CWebApplication.php(282): CController->run('delete')
#9 C:\wamp64\www\yii\framework\web\CWebApplication.php(141): CWebApplication->runController('comment/delete')
#10 C:\wamp64\www\yii\framework\base\CApplication.php(185): CWebApplication->processRequest()
#11 C:\wamp64\www\blog-webapp\index.php(13): CApplication->run()
#12 {main}
REQUEST_URI=/blog-webapp/index.php?r=comment/delete&id=2
HTTP_REFERER=http://localhost/blog-webapp/index.php?r=comment/index
---
2021/02/17 07:08:38 [warning] [application] Failed to set unsafe attribute "status" of "Comment".
in C:\wamp64\www\blog-webapp\protected\controllers\CommentController.php (98)
in C:\wamp64\www\blog-webapp\index.php (13)
2021/02/17 07:08:38 [warning] [application] Failed to set unsafe attribute "create_time" of "Comment".
in C:\wamp64\www\blog-webapp\protected\controllers\CommentController.php (98)
in C:\wamp64\www\blog-webapp\index.php (13)
2021/02/17 07:08:38 [warning] [application] Failed to set unsafe attribute "post_id" of "Comment".
in C:\wamp64\www\blog-webapp\protected\controllers\CommentController.php (98)
in C:\wamp64\www\blog-webapp\index.php (13)
2021/02/17 07:08:38 [warning] [application] Failed to set unsafe attribute "status" of "Comment".
in C:\wamp64\www\blog-webapp\protected\controllers\CommentController.php (98)
in C:\wamp64\www\blog-webapp\index.php (13)
2021/02/17 07:08:38 [warning] [application] Failed to set unsafe attribute "create_time" of "Comment".
in C:\wamp64\www\blog-webapp\protected\controllers\CommentController.php (98)
in C:\wamp64\www\blog-webapp\index.php (13)
2021/02/17 07:08:38 [warning] [application] Failed to set unsafe attribute "post_id" of "Comment".
in C:\wamp64\www\blog-webapp\protected\controllers\CommentController.php (98)
in C:\wamp64\www\blog-webapp\index.php (13)
2021/02/17 07:14:04 [error] [exception.CHttpException.400] exception 'CHttpException' with message 'Your request is invalid.' in C:\wamp64\www\yii\framework\web\CController.php:1121
Stack trace:
#0 C:\wamp64\www\yii\framework\web\filters\CInlineFilter.php(58): CController->filterPostOnly(Object(CFilterChain))
#1 C:\wamp64\www\yii\framework\web\filters\CFilterChain.php(131): CInlineFilter->filter(Object(CFilterChain))
#2 C:\wamp64\www\yii\framework\web\filters\CFilter.php(40): CFilterChain->run()
#3 C:\wamp64\www\yii\framework\web\CController.php(1148): CFilter->filter(Object(CFilterChain))
#4 C:\wamp64\www\yii\framework\web\filters\CInlineFilter.php(58): CController->filterAccessControl(Object(CFilterChain))
#5 C:\wamp64\www\yii\framework\web\filters\CFilterChain.php(131): CInlineFilter->filter(Object(CFilterChain))
#6 C:\wamp64\www\yii\framework\web\CController.php(291): CFilterChain->run()
#7 C:\wamp64\www\yii\framework\web\CController.php(265): CController->runActionWithFilters(Object(CInlineAction), Array)
#8 C:\wamp64\www\yii\framework\web\CWebApplication.php(282): CController->run('delete')
#9 C:\wamp64\www\yii\framework\web\CWebApplication.php(141): CWebApplication->runController('comment/delete')
#10 C:\wamp64\www\yii\framework\base\CApplication.php(185): CWebApplication->processRequest()
#11 C:\wamp64\www\blog-webapp\index.php(13): CApplication->run()
#12 {main}
REQUEST_URI=/blog-webapp/index.php?r=comment/delete&id=2
HTTP_REFERER=http://localhost/blog-webapp/index.php?r=comment/
---
2021/02/17 07:28:57 [error] [exception.ArgumentCountError] ArgumentCountError: Too few arguments to function CommentController::loadModel(), 0 passed in C:\wamp64\www\blog-webapp\protected\controllers\CommentController.php on line 91 and exactly 1 expected in C:\wamp64\www\blog-webapp\protected\controllers\CommentController.php:168
Stack trace:
#0 C:\wamp64\www\blog-webapp\protected\controllers\CommentController.php(91): CommentController->loadModel()
#1 [internal function]: CommentController->actionUpdate('2')
#2 C:\wamp64\www\yii\framework\web\actions\CAction.php(115): ReflectionMethod->invokeArgs(Object(CommentController), Array)
#3 C:\wamp64\www\yii\framework\web\actions\CInlineAction.php(47): CAction->runWithParamsInternal(Object(CommentController), Object(ReflectionMethod), Array)
#4 C:\wamp64\www\yii\framework\web\CController.php(308): CInlineAction->runWithParams(Array)
#5 C:\wamp64\www\yii\framework\web\filters\CFilterChain.php(134): CController->runAction(Object(CInlineAction))
#6 C:\wamp64\www\yii\framework\web\filters\CFilter.php(40): CFilterChain->run()
#7 C:\wamp64\www\yii\framework\web\CController.php(1148): CFilter->filter(Object(CFilterChain))
#8 C:\wamp64\www\yii\framework\web\filters\CInlineFilter.php(58): CController->filterAccessControl(Object(CFilterChain))
#9 C:\wamp64\www\yii\framework\web\filters\CFilterChain.php(131): CInlineFilter->filter(Object(CFilterChain))
#10 C:\wamp64\www\yii\framework\web\CController.php(291): CFilterChain->run()
#11 C:\wamp64\www\yii\framework\web\CController.php(265): CController->runActionWithFilters(Object(CInlineAction), Array)
#12 C:\wamp64\www\yii\framework\web\CWebApplication.php(282): CController->run('update')
#13 C:\wamp64\www\yii\framework\web\CWebApplication.php(141): CWebApplication->runController('comment/update')
#14 C:\wamp64\www\yii\framework\base\CApplication.php(185): CWebApplication->processRequest()
#15 C:\wamp64\www\blog-webapp\index.php(13): CApplication->run()
#16 {main}
REQUEST_URI=/blog-webapp/index.php?r=comment/update&id=2
HTTP_REFERER=http://localhost/blog-webapp/index.php?r=comment
---
2021/02/17 07:29:48 [warning] [application] Failed to set unsafe attribute "status" of "Comment".
in C:\wamp64\www\blog-webapp\protected\controllers\CommentController.php (99)
in C:\wamp64\www\blog-webapp\index.php (13)
2021/02/17 07:29:48 [warning] [application] Failed to set unsafe attribute "create_time" of "Comment".
in C:\wamp64\www\blog-webapp\protected\controllers\CommentController.php (99)
in C:\wamp64\www\blog-webapp\index.php (13)
2021/02/17 07:29:48 [warning] [application] Failed to set unsafe attribute "post_id" of "Comment".
in C:\wamp64\www\blog-webapp\protected\controllers\CommentController.php (99)
in C:\wamp64\www\blog-webapp\index.php (13)
2021/02/17 07:29:48 [warning] [application] Failed to set unsafe attribute "status" of "Comment".
in C:\wamp64\www\blog-webapp\protected\controllers\CommentController.php (94)
in C:\wamp64\www\blog-webapp\index.php (13)
2021/02/17 07:29:48 [warning] [application] Failed to set unsafe attribute "create_time" of "Comment".
in C:\wamp64\www\blog-webapp\protected\controllers\CommentController.php (94)
in C:\wamp64\www\blog-webapp\index.php (13)
2021/02/17 07:29:48 [warning] [application] Failed to set unsafe attribute "post_id" of "Comment".
in C:\wamp64\www\blog-webapp\protected\controllers\CommentController.php (94)
in C:\wamp64\www\blog-webapp\index.php (13)
2021/02/17 07:29:59 [error] [exception.CHttpException.400] CHttpException: Your request is invalid. in C:\wamp64\www\yii\framework\web\CController.php:1121
Stack trace:
#0 C:\wamp64\www\yii\framework\web\filters\CInlineFilter.php(58): CController->filterPostOnly(Object(CFilterChain))
#1 C:\wamp64\www\yii\framework\web\filters\CFilterChain.php(131): CInlineFilter->filter(Object(CFilterChain))
#2 C:\wamp64\www\yii\framework\web\filters\CFilter.php(40): CFilterChain->run()
#3 C:\wamp64\www\yii\framework\web\CController.php(1148): CFilter->filter(Object(CFilterChain))
#4 C:\wamp64\www\yii\framework\web\filters\CInlineFilter.php(58): CController->filterAccessControl(Object(CFilterChain))
#5 C:\wamp64\www\yii\framework\web\filters\CFilterChain.php(131): CInlineFilter->filter(Object(CFilterChain))
#6 C:\wamp64\www\yii\framework\web\CController.php(291): CFilterChain->run()
#7 C:\wamp64\www\yii\framework\web\CController.php(265): CController->runActionWithFilters(Object(CInlineAction), Array)
#8 C:\wamp64\www\yii\framework\web\CWebApplication.php(282): CController->run('delete')
#9 C:\wamp64\www\yii\framework\web\CWebApplication.php(141): CWebApplication->runController('comment/delete')
#10 C:\wamp64\www\yii\framework\base\CApplication.php(185): CWebApplication->processRequest()
#11 C:\wamp64\www\blog-webapp\index.php(13): CApplication->run()
#12 {main}
REQUEST_URI=/blog-webapp/index.php?r=comment/delete&id=2
HTTP_REFERER=http://localhost/blog-webapp/index.php?r=comment/index
---
2021/02/17 07:30:21 [error] [exception.CHttpException.400] CHttpException: Your request is invalid. in C:\wamp64\www\yii\framework\web\CController.php:1121
Stack trace:
#0 C:\wamp64\www\yii\framework\web\filters\CInlineFilter.php(58): CController->filterPostOnly(Object(CFilterChain))
#1 C:\wamp64\www\yii\framework\web\filters\CFilterChain.php(131): CInlineFilter->filter(Object(CFilterChain))
#2 C:\wamp64\www\yii\framework\web\filters\CFilter.php(40): CFilterChain->run()
#3 C:\wamp64\www\yii\framework\web\CController.php(1148): CFilter->filter(Object(CFilterChain))
#4 C:\wamp64\www\yii\framework\web\filters\CInlineFilter.php(58): CController->filterAccessControl(Object(CFilterChain))
#5 C:\wamp64\www\yii\framework\web\filters\CFilterChain.php(131): CInlineFilter->filter(Object(CFilterChain))
#6 C:\wamp64\www\yii\framework\web\CController.php(291): CFilterChain->run()
#7 C:\wamp64\www\yii\framework\web\CController.php(265): CController->runActionWithFilters(Object(CInlineAction), Array)
#8 C:\wamp64\www\yii\framework\web\CWebApplication.php(282): CController->run('delete')
#9 C:\wamp64\www\yii\framework\web\CWebApplication.php(141): CWebApplication->runController('comment/delete')
#10 C:\wamp64\www\yii\framework\base\CApplication.php(185): CWebApplication->processRequest()
#11 C:\wamp64\www\blog-webapp\index.php(13): CApplication->run()
#12 {main}
REQUEST_URI=/blog-webapp/index.php?r=comment/delete&id=2
---
2021/02/17 08:44:23 [error] [exception.ParseError] ParseError: syntax error, unexpected '<', expecting end of file in C:\wamp64\www\blog-webapp\protected\views\comment\_view.php:51
Stack trace:
#0 C:\wamp64\www\yii\framework\web\CBaseController.php(95): CBaseController->renderInternal('C:\\wamp64\\www\\b...', Array, false)
#1 C:\wamp64\www\yii\framework\zii\widgets\CListView.php(291): CBaseController->renderFile('C:\\wamp64\\www\\b...', Array)
#2 C:\wamp64\www\yii\framework\zii\widgets\CBaseListView.php(181): CListView->renderItems()
#3 [internal function]: CBaseListView->renderSection(Array)
#4 C:\wamp64\www\yii\framework\zii\widgets\CBaseListView.php(164): preg_replace_callback('/{(\\w+)}/', Array, '{summary}\n{sort...')
#5 C:\wamp64\www\yii\framework\zii\widgets\CBaseListView.php(149): CBaseListView->renderContent()
#6 C:\wamp64\www\yii\framework\web\CBaseController.php(182): CBaseListView->run()
#7 C:\wamp64\www\blog-webapp\protected\views\comment\index.php(19): CBaseController->widget('zii.widgets.CLi...', Array)
#8 C:\wamp64\www\yii\framework\web\CBaseController.php(126): require('C:\\wamp64\\www\\b...')
#9 C:\wamp64\www\yii\framework\web\CBaseController.php(95): CBaseController->renderInternal('C:\\wamp64\\www\\b...', Array, true)
#10 C:\wamp64\www\yii\framework\web\CController.php(872): CBaseController->renderFile('C:\\wamp64\\www\\b...', Array, true)
#11 C:\wamp64\www\yii\framework\web\CController.php(785): CController->renderPartial('index', Array, true)
#12 C:\wamp64\www\blog-webapp\protected\controllers\CommentController.php(144): CController->render('index', Array)
#13 C:\wamp64\www\yii\framework\web\actions\CInlineAction.php(49): CommentController->actionIndex()
#14 C:\wamp64\www\yii\framework\web\CController.php(308): CInlineAction->runWithParams(Array)
#15 C:\wamp64\www\yii\framework\web\filters\CFilterChain.php(134): CController->runAction(Object(CInlineAction))
#16 C:\wamp64\www\yii\framework\web\filters\CFilter.php(40): CFilterChain->run()
#17 C:\wamp64\www\yii\framework\web\CController.php(1148): CFilter->filter(Object(CFilterChain))
#18 C:\wamp64\www\yii\framework\web\filters\CInlineFilter.php(58): CController->filterAccessControl(Object(CFilterChain))
#19 C:\wamp64\www\yii\framework\web\filters\CFilterChain.php(131): CInlineFilter->filter(Object(CFilterChain))
#20 C:\wamp64\www\yii\framework\web\CController.php(291): CFilterChain->run()
#21 C:\wamp64\www\yii\framework\web\CController.php(265): CController->runActionWithFilters(Object(CInlineAction), Array)
#22 C:\wamp64\www\yii\framework\web\CWebApplication.php(282): CController->run('index')
#23 C:\wamp64\www\yii\framework\web\CWebApplication.php(141): CWebApplication->runController('comment/index')
#24 C:\wamp64\www\yii\framework\base\CApplication.php(185): CWebApplication->processRequest()
#25 C:\wamp64\www\blog-webapp\index.php(13): CApplication->run()
#26 {main}
REQUEST_URI=/blog-webapp/index.php?r=comment/index
---
2021/02/17 08:46:32 [error] [exception.CException] CException: Property "Comment.like" is not defined. in C:\wamp64\www\yii\framework\base\CComponent.php:130
Stack trace:
#0 C:\wamp64\www\yii\framework\db\ar\CActiveRecord.php(145): CComponent->__get('like')
#1 C:\wamp64\www\blog-webapp\protected\views\comment\_view.php(37): CActiveRecord->__get('like')
#2 C:\wamp64\www\yii\framework\web\CBaseController.php(130): require('C:\\wamp64\\www\\b...')
#3 C:\wamp64\www\yii\framework\web\CBaseController.php(95): CBaseController->renderInternal('C:\\wamp64\\www\\b...', Array, false)
#4 C:\wamp64\www\yii\framework\zii\widgets\CListView.php(291): CBaseController->renderFile('C:\\wamp64\\www\\b...', Array)
#5 C:\wamp64\www\yii\framework\zii\widgets\CBaseListView.php(181): CListView->renderItems()
#6 [internal function]: CBaseListView->renderSection(Array)
#7 C:\wamp64\www\yii\framework\zii\widgets\CBaseListView.php(164): preg_replace_callback('/{(\\w+)}/', Array, '{summary}\n{sort...')
#8 C:\wamp64\www\yii\framework\zii\widgets\CBaseListView.php(149): CBaseListView->renderContent()
#9 C:\wamp64\www\yii\framework\web\CBaseController.php(182): CBaseListView->run()
#10 C:\wamp64\www\blog-webapp\protected\views\comment\index.php(19): CBaseController->widget('zii.widgets.CLi...', Array)
#11 C:\wamp64\www\yii\framework\web\CBaseController.php(126): require('C:\\wamp64\\www\\b...')
#12 C:\wamp64\www\yii\framework\web\CBaseController.php(95): CBaseController->renderInternal('C:\\wamp64\\www\\b...', Array, true)
#13 C:\wamp64\www\yii\framework\web\CController.php(872): CBaseController->renderFile('C:\\wamp64\\www\\b...', Array, true)
#14 C:\wamp64\www\yii\framework\web\CController.php(785): CController->renderPartial('index', Array, true)
#15 C:\wamp64\www\blog-webapp\protected\controllers\CommentController.php(144): CController->render('index', Array)
#16 C:\wamp64\www\yii\framework\web\actions\CInlineAction.php(49): CommentController->actionIndex()
#17 C:\wamp64\www\yii\framework\web\CController.php(308): CInlineAction->runWithParams(Array)
#18 C:\wamp64\www\yii\framework\web\filters\CFilterChain.php(134): CController->runAction(Object(CInlineAction))
#19 C:\wamp64\www\yii\framework\web\filters\CFilter.php(40): CFilterChain->run()
#20 C:\wamp64\www\yii\framework\web\CController.php(1148): CFilter->filter(Object(CFilterChain))
#21 C:\wamp64\www\yii\framework\web\filters\CInlineFilter.php(58): CController->filterAccessControl(Object(CFilterChain))
#22 C:\wamp64\www\yii\framework\web\filters\CFilterChain.php(131): CInlineFilter->filter(Object(CFilterChain))
#23 C:\wamp64\www\yii\framework\web\CController.php(291): CFilterChain->run()
#24 C:\wamp64\www\yii\framework\web\CController.php(265): CController->runActionWithFilters(Object(CInlineAction), Array)
#25 C:\wamp64\www\yii\framework\web\CWebApplication.php(282): CController->run('index')
#26 C:\wamp64\www\yii\framework\web\CWebApplication.php(141): CWebApplication->runController('comment/index')
#27 C:\wamp64\www\yii\framework\base\CApplication.php(185): CWebApplication->processRequest()
#28 C:\wamp64\www\blog-webapp\index.php(13): CApplication->run()
#29 {main}
REQUEST_URI=/blog-webapp/index.php?r=comment/index
---
2021/02/17 08:47:39 [error] [exception.CException] CException: Property "Comment.like" is not defined. in C:\wamp64\www\yii\framework\base\CComponent.php:130
Stack trace:
#0 C:\wamp64\www\yii\framework\db\ar\CActiveRecord.php(145): CComponent->__get('like')
#1 C:\wamp64\www\blog-webapp\protected\views\comment\_view.php(37): CActiveRecord->__get('like')
#2 C:\wamp64\www\yii\framework\web\CBaseController.php(130): require('C:\\wamp64\\www\\b...')
#3 C:\wamp64\www\yii\framework\web\CBaseController.php(95): CBaseController->renderInternal('C:\\wamp64\\www\\b...', Array, false)
#4 C:\wamp64\www\yii\framework\zii\widgets\CListView.php(291): CBaseController->renderFile('C:\\wamp64\\www\\b...', Array)
#5 C:\wamp64\www\yii\framework\zii\widgets\CBaseListView.php(181): CListView->renderItems()
#6 [internal function]: CBaseListView->renderSection(Array)
#7 C:\wamp64\www\yii\framework\zii\widgets\CBaseListView.php(164): preg_replace_callback('/{(\\w+)}/', Array, '{summary}\n{sort...')
#8 C:\wamp64\www\yii\framework\zii\widgets\CBaseListView.php(149): CBaseListView->renderContent()
#9 C:\wamp64\www\yii\framework\web\CBaseController.php(182): CBaseListView->run()
#10 C:\wamp64\www\blog-webapp\protected\views\comment\index.php(19): CBaseController->widget('zii.widgets.CLi...', Array)
#11 C:\wamp64\www\yii\framework\web\CBaseController.php(126): require('C:\\wamp64\\www\\b...')
#12 C:\wamp64\www\yii\framework\web\CBaseController.php(95): CBaseController->renderInternal('C:\\wamp64\\www\\b...', Array, true)
#13 C:\wamp64\www\yii\framework\web\CController.php(872): CBaseController->renderFile('C:\\wamp64\\www\\b...', Array, true)
#14 C:\wamp64\www\yii\framework\web\CController.php(785): CController->renderPartial('index', Array, true)
#15 C:\wamp64\www\blog-webapp\protected\controllers\CommentController.php(144): CController->render('index', Array)
#16 C:\wamp64\www\yii\framework\web\actions\CInlineAction.php(49): CommentController->actionIndex()
#17 C:\wamp64\www\yii\framework\web\CController.php(308): CInlineAction->runWithParams(Array)
#18 C:\wamp64\www\yii\framework\web\filters\CFilterChain.php(134): CController->runAction(Object(CInlineAction))
#19 C:\wamp64\www\yii\framework\web\filters\CFilter.php(40): CFilterChain->run()
#20 C:\wamp64\www\yii\framework\web\CController.php(1148): CFilter->filter(Object(CFilterChain))
#21 C:\wamp64\www\yii\framework\web\filters\CInlineFilter.php(58): CController->filterAccessControl(Object(CFilterChain))
#22 C:\wamp64\www\yii\framework\web\filters\CFilterChain.php(131): CInlineFilter->filter(Object(CFilterChain))
#23 C:\wamp64\www\yii\framework\web\CController.php(291): CFilterChain->run()
#24 C:\wamp64\www\yii\framework\web\CController.php(265): CController->runActionWithFilters(Object(CInlineAction), Array)
#25 C:\wamp64\www\yii\framework\web\CWebApplication.php(282): CController->run('index')
#26 C:\wamp64\www\yii\framework\web\CWebApplication.php(141): CWebApplication->runController('comment/index')
#27 C:\wamp64\www\yii\framework\base\CApplication.php(185): CWebApplication->processRequest()
#28 C:\wamp64\www\blog-webapp\index.php(13): CApplication->run()
#29 {main}
REQUEST_URI=/blog-webapp/index.php?r=comment/index
---
2021/02/17 08:48:39 [error] [exception.CException] CException: Property "Comment.like" is not defined. in C:\wamp64\www\yii\framework\base\CComponent.php:130
Stack trace:
#0 C:\wamp64\www\yii\framework\db\ar\CActiveRecord.php(145): CComponent->__get('like')
#1 C:\wamp64\www\blog-webapp\protected\views\comment\_view.php(37): CActiveRecord->__get('like')
#2 C:\wamp64\www\yii\framework\web\CBaseController.php(130): require('C:\\wamp64\\www\\b...')
#3 C:\wamp64\www\yii\framework\web\CBaseController.php(95): CBaseController->renderInternal('C:\\wamp64\\www\\b...', Array, false)
#4 C:\wamp64\www\yii\framework\zii\widgets\CListView.php(291): CBaseController->renderFile('C:\\wamp64\\www\\b...', Array)
#5 C:\wamp64\www\yii\framework\zii\widgets\CBaseListView.php(181): CListView->renderItems()
#6 [internal function]: CBaseListView->renderSection(Array)
#7 C:\wamp64\www\yii\framework\zii\widgets\CBaseListView.php(164): preg_replace_callback('/{(\\w+)}/', Array, '{summary}\n{sort...')
#8 C:\wamp64\www\yii\framework\zii\widgets\CBaseListView.php(149): CBaseListView->renderContent()
#9 C:\wamp64\www\yii\framework\web\CBaseController.php(182): CBaseListView->run()
#10 C:\wamp64\www\blog-webapp\protected\views\comment\index.php(19): CBaseController->widget('zii.widgets.CLi...', Array)
#11 C:\wamp64\www\yii\framework\web\CBaseController.php(126): require('C:\\wamp64\\www\\b...')
#12 C:\wamp64\www\yii\framework\web\CBaseController.php(95): CBaseController->renderInternal('C:\\wamp64\\www\\b...', Array, true)
#13 C:\wamp64\www\yii\framework\web\CController.php(872): CBaseController->renderFile('C:\\wamp64\\www\\b...', Array, true)
#14 C:\wamp64\www\yii\framework\web\CController.php(785): CController->renderPartial('index', Array, true)
#15 C:\wamp64\www\blog-webapp\protected\controllers\CommentController.php(144): CController->render('index', Array)
#16 C:\wamp64\www\yii\framework\web\actions\CInlineAction.php(49): CommentController->actionIndex()
#17 C:\wamp64\www\yii\framework\web\CController.php(308): CInlineAction->runWithParams(Array)
#18 C:\wamp64\www\yii\framework\web\filters\CFilterChain.php(134): CController->runAction(Object(CInlineAction))
#19 C:\wamp64\www\yii\framework\web\filters\CFilter.php(40): CFilterChain->run()
#20 C:\wamp64\www\yii\framework\web\CController.php(1148): CFilter->filter(Object(CFilterChain))
#21 C:\wamp64\www\yii\framework\web\filters\CInlineFilter.php(58): CController->filterAccessControl(Object(CFilterChain))
#22 C:\wamp64\www\yii\framework\web\filters\CFilterChain.php(131): CInlineFilter->filter(Object(CFilterChain))
#23 C:\wamp64\www\yii\framework\web\CController.php(291): CFilterChain->run()
#24 C:\wamp64\www\yii\framework\web\CController.php(265): CController->runActionWithFilters(Object(CInlineAction), Array)
#25 C:\wamp64\www\yii\framework\web\CWebApplication.php(282): CController->run('index')
#26 C:\wamp64\www\yii\framework\web\CWebApplication.php(141): CWebApplication->runController('comment/index')
#27 C:\wamp64\www\yii\framework\base\CApplication.php(185): CWebApplication->processRequest()
#28 C:\wamp64\www\blog-webapp\index.php(13): CApplication->run()
#29 {main}
REQUEST_URI=/blog-webapp/index.php?r=comment/index
---
2021/02/17 22:12:29 [error] [php] include(Posts.php): failed to open stream: No such file or directory (C:\wamp64\www\yii\framework\YiiBase.php:463)
Stack trace:
#0 C:\wamp64\www\blog-webapp\protected\controllers\CommentController.php(178): spl_autoload_call()
#1 unknown(0): CommentController->actionLike()
#2 C:\wamp64\www\yii\framework\web\actions\CAction.php(115): ReflectionMethod->invokeArgs()
#3 C:\wamp64\www\yii\framework\web\actions\CInlineAction.php(47): CInlineAction->runWithParamsInternal()
#4 C:\wamp64\www\yii\framework\web\CController.php(308): CInlineAction->runWithParams()
#5 C:\wamp64\www\yii\framework\web\filters\CFilterChain.php(134): CommentController->runAction()
#6 C:\wamp64\www\yii\framework\web\filters\CFilter.php(40): CFilterChain->run()
#7 C:\wamp64\www\yii\framework\web\CController.php(1148): CAccessControlFilter->filter()
#8 C:\wamp64\www\yii\framework\web\filters\CInlineFilter.php(58): CommentController->filterAccessControl()
#9 C:\wamp64\www\yii\framework\web\filters\CFilterChain.php(131): CInlineFilter->filter()
#10 C:\wamp64\www\yii\framework\web\CController.php(291): CFilterChain->run()
#11 C:\wamp64\www\yii\framework\web\CController.php(265): CommentController->runActionWithFilters()
#12 C:\wamp64\www\yii\framework\web\CWebApplication.php(282): CommentController->run()
#13 C:\wamp64\www\yii\framework\web\CWebApplication.php(141): CWebApplication->runController()
#14 C:\wamp64\www\yii\framework\base\CApplication.php(185): CWebApplication->processRequest()
#15 C:\wamp64\www\blog-webapp\index.php(13): CWebApplication->run()
REQUEST_URI=/blog-webapp/index.php?r=comment/like&id=2
in C:\wamp64\www\blog-webapp\protected\controllers\CommentController.php (178)
in C:\wamp64\www\blog-webapp\index.php (13)
